<?xml version="1.0" encoding="utf-8"?>
<TestRun id="047294ad-a9c4-4459-be99-ad5e956ea938" name="kolum@LAPTOP-A0V6VV9E 2025-03-25 16:36:47" runUser="LAPTOP-A0V6VV9E\kolum" xmlns="http://microsoft.com/schemas/VisualStudio/TeamTest/2010">
  <Times creation="2025-03-25T16:36:47.4865916+02:00" queuing="2025-03-25T16:36:47.4865921+02:00" start="2025-03-25T16:36:46.2405184+02:00" finish="2025-03-25T16:36:47.7486678+02:00" />
  <TestSettings name="default" id="9648d5d2-540f-4a3f-b2df-32905b4119b6">
    <Deployment runDeploymentRoot="kolum_LAPTOP-A0V6VV9E_2025-03-25_16_36_47" />
  </TestSettings>
  <Results>
    <UnitTestResult executionId="e59c2e98-6edb-4dba-a750-6a7be3abd4da" testId="5ccc3a09-b6a8-9c35-25e7-7108cc052514" testName="Constructor_DefaultParams_ShouldBeAbleToEatChocolate" computerName="LAPTOP-A0V6VV9E" duration="00:00:00.0013480" startTime="2025-03-25T16:36:47.3690421+02:00" endTime="2025-03-25T16:36:47.3703902+02:00" testType="13cdc9d9-ddb5-4fa4-a97d-d965ccfc6d4b" outcome="Passed" testListId="8c84fa94-04c1-424b-9868-57a2d4851a1d" relativeResultsDirectory="e59c2e98-6edb-4dba-a750-6a7be3abd4da" />
    <UnitTestResult executionId="8592c803-a706-422e-a982-f3bd025c1875" testId="844c97e4-80b6-ba08-3a40-2ada4e3a841d" testName="Constructor_DontLikeChocolate_ShouldNotBeAbleToEatChocolate" computerName="LAPTOP-A0V6VV9E" duration="00:00:00.0004340" startTime="2025-03-25T16:36:47.3704035+02:00" endTime="2025-03-25T16:36:47.3708378+02:00" testType="13cdc9d9-ddb5-4fa4-a97d-d965ccfc6d4b" outcome="Passed" testListId="8c84fa94-04c1-424b-9868-57a2d4851a1d" relativeResultsDirectory="8592c803-a706-422e-a982-f3bd025c1875" />
    <UnitTestResult executionId="70140f9c-4b28-4506-b6cc-081fe790d2ff" testId="713044fe-dc72-86ef-17b2-d4308b88a706" testName="SimulationTime_AddSeconds" computerName="LAPTOP-A0V6VV9E" duration="00:00:00.0000330" startTime="2025-03-25T16:36:47.4276364+02:00" endTime="2025-03-25T16:36:47.4276694+02:00" testType="13cdc9d9-ddb5-4fa4-a97d-d965ccfc6d4b" outcome="Passed" testListId="8c84fa94-04c1-424b-9868-57a2d4851a1d" relativeResultsDirectory="70140f9c-4b28-4506-b6cc-081fe790d2ff" />
    <UnitTestResult executionId="e50b9142-8f77-49ec-8050-f0d29295a67a" testId="e5b6e534-9963-f007-bf97-d0614fddcc36" testName="GotMerried_First_NameShouldChange" computerName="LAPTOP-A0V6VV9E" duration="00:00:00.0464580" startTime="2025-03-25T16:36:47.3708505+02:00" endTime="2025-03-25T16:36:47.4173081+02:00" testType="13cdc9d9-ddb5-4fa4-a97d-d965ccfc6d4b" outcome="Passed" testListId="8c84fa94-04c1-424b-9868-57a2d4851a1d" relativeResultsDirectory="e50b9142-8f77-49ec-8050-f0d29295a67a" />
    <UnitTestResult executionId="c50c1ad3-6879-462e-b08a-2eb64fb0e4a3" testId="80f8e5b8-48c1-fa8a-a94e-bc8a0f21a428" testName="TestPaymentService_Mock" computerName="LAPTOP-A0V6VV9E" duration="00:00:00.0095450" startTime="2025-03-25T16:36:47.3569694+02:00" endTime="2025-03-25T16:36:47.3665138+02:00" testType="13cdc9d9-ddb5-4fa4-a97d-d965ccfc6d4b" outcome="Passed" testListId="8c84fa94-04c1-424b-9868-57a2d4851a1d" relativeResultsDirectory="c50c1ad3-6879-462e-b08a-2eb64fb0e4a3" />
    <UnitTestResult executionId="066a8f2d-934a-4dc0-85de-8891dc099f35" testId="0bf3aa2e-0f60-b6a8-8df9-c754812a5180" testName="Addition_SimulationTimeIsShifted" computerName="LAPTOP-A0V6VV9E" duration="00:00:00.0047600" startTime="2025-03-25T16:36:47.4282714+02:00" endTime="2025-03-25T16:36:47.4330308+02:00" testType="13cdc9d9-ddb5-4fa4-a97d-d965ccfc6d4b" outcome="Passed" testListId="8c84fa94-04c1-424b-9868-57a2d4851a1d" relativeResultsDirectory="066a8f2d-934a-4dc0-85de-8891dc099f35" />
    <UnitTestResult executionId="394225e2-f506-4a33-9033-869f7a081e49" testId="86baf8d5-a461-5e0e-dc7e-908b463fa468" testName="IncreaseSalary_ReasonableValue_ShouldModifySalary(auto&lt;Person&gt;,auto&lt;Double&gt;)" computerName="LAPTOP-A0V6VV9E" duration="00:00:00.0009790" startTime="2025-03-25T16:36:47.4258451+02:00" endTime="2025-03-25T16:36:47.4268243+02:00" testType="13cdc9d9-ddb5-4fa4-a97d-d965ccfc6d4b" outcome="Passed" testListId="8c84fa94-04c1-424b-9868-57a2d4851a1d" relativeResultsDirectory="394225e2-f506-4a33-9033-869f7a081e49" />
    <UnitTestResult executionId="4deeb0b6-9cca-4b32-80a2-c8ca96c07484" testId="e6ef7719-db0b-cd47-6e16-f8db2551cb29" testName="IncreaseSalary_ZeroPercentIncrease_ShouldNotChange" computerName="LAPTOP-A0V6VV9E" duration="00:00:00.0000430" startTime="2025-03-25T16:36:47.4269366+02:00" endTime="2025-03-25T16:36:47.4269792+02:00" testType="13cdc9d9-ddb5-4fa4-a97d-d965ccfc6d4b" outcome="Passed" testListId="8c84fa94-04c1-424b-9868-57a2d4851a1d" relativeResultsDirectory="4deeb0b6-9cca-4b32-80a2-c8ca96c07484" />
    <UnitTestResult executionId="8ec73a55-5588-4f11-86c0-c3aa20293532" testId="02c30645-4a7b-a918-d916-5cf420872e7e" testName="Subtracttion_SimulationTimeShifted" computerName="LAPTOP-A0V6VV9E" duration="00:00:00.0000340" startTime="2025-03-25T16:36:47.4330517+02:00" endTime="2025-03-25T16:36:47.4330860+02:00" testType="13cdc9d9-ddb5-4fa4-a97d-d965ccfc6d4b" outcome="Passed" testListId="8c84fa94-04c1-424b-9868-57a2d4851a1d" relativeResultsDirectory="8ec73a55-5588-4f11-86c0-c3aa20293532" />
    <UnitTestResult executionId="04834d22-9913-4d08-9346-b344a878772a" testId="d8057139-d72a-4c7e-3f14-b2bd59aee662" testName="SimulationTime_1msPerTick" computerName="LAPTOP-A0V6VV9E" duration="00:00:00.0000910" startTime="2025-03-25T16:36:47.4273700+02:00" endTime="2025-03-25T16:36:47.4274611+02:00" testType="13cdc9d9-ddb5-4fa4-a97d-d965ccfc6d4b" outcome="Passed" testListId="8c84fa94-04c1-424b-9868-57a2d4851a1d" relativeResultsDirectory="04834d22-9913-4d08-9346-b344a878772a" />
    <UnitTestResult executionId="1d737a2f-6f9f-4c22-be12-4aeedb2ec5ba" testId="3563b3b2-ff88-98aa-3d66-d5fbb5c564b7" testName="SimulationTime_Construction" computerName="LAPTOP-A0V6VV9E" duration="00:00:00.0000220" startTime="2025-03-25T16:36:47.4277011+02:00" endTime="2025-03-25T16:36:47.4277233+02:00" testType="13cdc9d9-ddb5-4fa4-a97d-d965ccfc6d4b" outcome="Passed" testListId="8c84fa94-04c1-424b-9868-57a2d4851a1d" relativeResultsDirectory="1d737a2f-6f9f-4c22-be12-4aeedb2ec5ba" />
    <UnitTestResult executionId="7bf59590-45a3-4785-9453-e3abaf911ccc" testId="2208ac16-deaf-cd1a-b130-390c4526b56f" testName="TestPaymentService_ManualMock" computerName="LAPTOP-A0V6VV9E" duration="00:00:00.0113580" startTime="2025-03-25T16:36:47.3444886+02:00" endTime="2025-03-25T16:36:47.3557694+02:00" testType="13cdc9d9-ddb5-4fa4-a97d-d965ccfc6d4b" outcome="Passed" testListId="8c84fa94-04c1-424b-9868-57a2d4851a1d" relativeResultsDirectory="7bf59590-45a3-4785-9453-e3abaf911ccc">
      <Output>
        <StdOut>Warning:&#xD;
     The component "Fluent Assertions" is governed by the rules defined in the Xceed License Agreement and&#xD;
     the Xceed Fluent Assertions Community License. You may use Fluent Assertions free of charge for&#xD;
     non-commercial use only. An active subscription is required to use Fluent Assertions for commercial use.&#xD;
&#xD;
     Please contact Xceed Sales mailto:sales@xceed.com to acquire a subscription at a very low cost.&#xD;
&#xD;
     A paid commercial license supports the development and continued increasing support of&#xD;
     Fluent Assertions users under both commercial and community licenses. Help us&#xD;
     keep Fluent Assertions at the forefront of unit testing.&#xD;
&#xD;
     For more information, visit https://xceed.com/products/unit-testing/fluent-assertions/</StdOut>
      </Output>
    </UnitTestResult>
    <UnitTestResult executionId="10b99434-c7d8-4011-9739-d2320bccd4a8" testId="13fc3ab4-0c5a-724e-96c0-0941e1a6cb5c" testName="SimulationTime_SubtractSimulationTime" computerName="LAPTOP-A0V6VV9E" duration="00:00:00.0000470" startTime="2025-03-25T16:36:47.4278455+02:00" endTime="2025-03-25T16:36:47.4278924+02:00" testType="13cdc9d9-ddb5-4fa4-a97d-d965ccfc6d4b" outcome="Passed" testListId="8c84fa94-04c1-424b-9868-57a2d4851a1d" relativeResultsDirectory="10b99434-c7d8-4011-9739-d2320bccd4a8" />
    <UnitTestResult executionId="0ac23b56-6310-4693-8971-ee3f1dbcafaa" testId="cb1ebcc9-7801-f5fc-6b11-38182364213c" testName="IncreaseSalary_NegativeIncrease_ShouldDecrease" computerName="LAPTOP-A0V6VV9E" duration="00:00:00.0001030" startTime="2025-03-25T16:36:47.4256722+02:00" endTime="2025-03-25T16:36:47.4257756+02:00" testType="13cdc9d9-ddb5-4fa4-a97d-d965ccfc6d4b" outcome="Passed" testListId="8c84fa94-04c1-424b-9868-57a2d4851a1d" relativeResultsDirectory="0ac23b56-6310-4693-8971-ee3f1dbcafaa" />
    <UnitTestResult executionId="08854635-02c1-438b-bbd7-c8881994f9bc" testId="4ceddca9-582d-7e6c-fa47-83e712395dcd" testName="SimulationTime_NextMillisec" computerName="LAPTOP-A0V6VV9E" duration="00:00:00.0000270" startTime="2025-03-25T16:36:47.4277271+02:00" endTime="2025-03-25T16:36:47.4277541+02:00" testType="13cdc9d9-ddb5-4fa4-a97d-d965ccfc6d4b" outcome="Passed" testListId="8c84fa94-04c1-424b-9868-57a2d4851a1d" relativeResultsDirectory="08854635-02c1-438b-bbd7-c8881994f9bc" />
    <UnitTestResult executionId="25659f6c-5b5f-4767-90ad-4749fb169a06" testId="91de77ef-01bb-7833-9ab9-d5f7dd51b4b4" testName="TestPaymentService_MockWithAutodata(auto&lt;Person&gt;,auto&lt;Mock`1&gt;)" computerName="LAPTOP-A0V6VV9E" duration="00:00:00.0005950" startTime="2025-03-25T16:36:47.3665707+02:00" endTime="2025-03-25T16:36:47.3671650+02:00" testType="13cdc9d9-ddb5-4fa4-a97d-d965ccfc6d4b" outcome="Passed" testListId="8c84fa94-04c1-424b-9868-57a2d4851a1d" relativeResultsDirectory="25659f6c-5b5f-4767-90ad-4749fb169a06" />
    <UnitTestResult executionId="95a3ec08-d67c-48ce-b5c5-9e80c5219b3a" testId="f3d7b017-99ad-1c23-cf3e-36eb02f0507e" testName="SimulationTime_Op" computerName="LAPTOP-A0V6VV9E" duration="00:00:00.0000749" startTime="2025-03-25T16:36:47.4277595+02:00" endTime="2025-03-25T16:36:47.4278342+02:00" testType="13cdc9d9-ddb5-4fa4-a97d-d965ccfc6d4b" outcome="Passed" testListId="8c84fa94-04c1-424b-9868-57a2d4851a1d" relativeResultsDirectory="95a3ec08-d67c-48ce-b5c5-9e80c5219b3a" />
    <UnitTestResult executionId="28456db2-4fa1-49d3-8d06-0943f41a1259" testId="02dfe9d0-7d24-c065-1bb8-af17ccefff54" testName="SimulationTime_ToString" computerName="LAPTOP-A0V6VV9E" duration="00:00:00.0000320" startTime="2025-03-25T16:36:47.4278991+02:00" endTime="2025-03-25T16:36:47.4279308+02:00" testType="13cdc9d9-ddb5-4fa4-a97d-d965ccfc6d4b" outcome="Passed" testListId="8c84fa94-04c1-424b-9868-57a2d4851a1d" relativeResultsDirectory="28456db2-4fa1-49d3-8d06-0943f41a1259" />
    <UnitTestResult executionId="ca9ee0f6-4b47-4252-a527-920d64b31c45" testId="203f3750-f41f-df6f-16b6-8dd337d0ce15" testName="GotMerried_Second_ShouldFail" computerName="LAPTOP-A0V6VV9E" duration="00:00:00.0082980" startTime="2025-03-25T16:36:47.4173379+02:00" endTime="2025-03-25T16:36:47.4256351+02:00" testType="13cdc9d9-ddb5-4fa4-a97d-d965ccfc6d4b" outcome="Passed" testListId="8c84fa94-04c1-424b-9868-57a2d4851a1d" relativeResultsDirectory="ca9ee0f6-4b47-4252-a527-920d64b31c45" />
    <UnitTestResult executionId="d18e3d89-bbaa-4b78-9a3f-3eca2915c417" testId="3fa46da8-f9ac-7f1a-a051-dca322934da6" testName="SimulationTime_AddMilliSeconds" computerName="LAPTOP-A0V6VV9E" duration="00:00:00.0001610" startTime="2025-03-25T16:36:47.4274685+02:00" endTime="2025-03-25T16:36:47.4276293+02:00" testType="13cdc9d9-ddb5-4fa4-a97d-d965ccfc6d4b" outcome="Passed" testListId="8c84fa94-04c1-424b-9868-57a2d4851a1d" relativeResultsDirectory="d18e3d89-bbaa-4b78-9a3f-3eca2915c417" />
    <UnitTestResult executionId="d5eb08fc-c164-481b-a999-bc4c56d3d347" testId="837ea655-37b9-e847-fdf8-ef03442f6af8" testName="SimulationTime_AddTimeSpan" computerName="LAPTOP-A0V6VV9E" duration="00:00:00.0000240" startTime="2025-03-25T16:36:47.4276736+02:00" endTime="2025-03-25T16:36:47.4276972+02:00" testType="13cdc9d9-ddb5-4fa4-a97d-d965ccfc6d4b" outcome="Passed" testListId="8c84fa94-04c1-424b-9868-57a2d4851a1d" relativeResultsDirectory="d5eb08fc-c164-481b-a999-bc4c56d3d347" />
    <UnitTestResult executionId="0649a88c-4073-449a-9758-b76f616a1c53" testId="df0c24cb-4475-c006-3b00-a56fd2785101" testName="IncreaseSalary_SmallerThanMinusTenPerc_ShouldFail" computerName="LAPTOP-A0V6VV9E" duration="00:00:00.0000760" startTime="2025-03-25T16:36:47.4268553+02:00" endTime="2025-03-25T16:36:47.4269317+02:00" testType="13cdc9d9-ddb5-4fa4-a97d-d965ccfc6d4b" outcome="Passed" testListId="8c84fa94-04c1-424b-9868-57a2d4851a1d" relativeResultsDirectory="0649a88c-4073-449a-9758-b76f616a1c53" />
  </Results>
  <TestDefinitions>
    <UnitTest name="SimulationTime_1msPerTick" storage="d:\koli\munka\bbte\tantargyak\verifikacio es validacio (mlm5014)\kodok\verval-mlm5014\szeminarium\elok\kedd16-ptln\verval\datesandstuff\test\datesandstuff.tests\bin\debug\net8.0\datesandstuff.tests.dll" id="d8057139-d72a-4c7e-3f14-b2bd59aee662">
      <Execution id="04834d22-9913-4d08-9346-b344a878772a" />
      <TestMethod codeBase="d:\Koli\Munka\BBTE\Tantargyak\Verifikacio es validacio (MLM5014)\Kodok\VerVal-MLM5014\Szeminarium\Elok\Kedd16-ptln\VerVal\DatesAndStuff\test\DatesAndStuff.Tests\bin\Debug\net8.0\DatesAndStuff.Tests.dll" adapterTypeName="executor://nunit3testexecutor/" className="DatesAndStuff.Tests.SimulationTimeTests" name="SimulationTime_1msPerTick" />
    </UnitTest>
    <UnitTest name="Subtracttion_SimulationTimeShifted" storage="d:\koli\munka\bbte\tantargyak\verifikacio es validacio (mlm5014)\kodok\verval-mlm5014\szeminarium\elok\kedd16-ptln\verval\datesandstuff\test\datesandstuff.tests\bin\debug\net8.0\datesandstuff.tests.dll" id="02c30645-4a7b-a918-d916-5cf420872e7e">
      <Execution id="8ec73a55-5588-4f11-86c0-c3aa20293532" />
      <TestMethod codeBase="d:\Koli\Munka\BBTE\Tantargyak\Verifikacio es validacio (MLM5014)\Kodok\VerVal-MLM5014\Szeminarium\Elok\Kedd16-ptln\VerVal\DatesAndStuff\test\DatesAndStuff.Tests\bin\Debug\net8.0\DatesAndStuff.Tests.dll" adapterTypeName="executor://nunit3testexecutor/" className="DatesAndStuff.Tests.SimulationTimeTests+TimeSpanArithmeticTests" name="Subtracttion_SimulationTimeShifted" />
    </UnitTest>
    <UnitTest name="SimulationTime_ToString" storage="d:\koli\munka\bbte\tantargyak\verifikacio es validacio (mlm5014)\kodok\verval-mlm5014\szeminarium\elok\kedd16-ptln\verval\datesandstuff\test\datesandstuff.tests\bin\debug\net8.0\datesandstuff.tests.dll" id="02dfe9d0-7d24-c065-1bb8-af17ccefff54">
      <Execution id="28456db2-4fa1-49d3-8d06-0943f41a1259" />
      <TestMethod codeBase="d:\Koli\Munka\BBTE\Tantargyak\Verifikacio es validacio (MLM5014)\Kodok\VerVal-MLM5014\Szeminarium\Elok\Kedd16-ptln\VerVal\DatesAndStuff\test\DatesAndStuff.Tests\bin\Debug\net8.0\DatesAndStuff.Tests.dll" adapterTypeName="executor://nunit3testexecutor/" className="DatesAndStuff.Tests.SimulationTimeTests" name="SimulationTime_ToString" />
    </UnitTest>
    <UnitTest name="GotMerried_Second_ShouldFail" storage="d:\koli\munka\bbte\tantargyak\verifikacio es validacio (mlm5014)\kodok\verval-mlm5014\szeminarium\elok\kedd16-ptln\verval\datesandstuff\test\datesandstuff.tests\bin\debug\net8.0\datesandstuff.tests.dll" id="203f3750-f41f-df6f-16b6-8dd337d0ce15">
      <Execution id="ca9ee0f6-4b47-4252-a527-920d64b31c45" />
      <TestMethod codeBase="d:\Koli\Munka\BBTE\Tantargyak\Verifikacio es validacio (MLM5014)\Kodok\VerVal-MLM5014\Szeminarium\Elok\Kedd16-ptln\VerVal\DatesAndStuff\test\DatesAndStuff.Tests\bin\Debug\net8.0\DatesAndStuff.Tests.dll" adapterTypeName="executor://nunit3testexecutor/" className="DatesAndStuff.Tests.PersonTests" name="GotMerried_Second_ShouldFail" />
    </UnitTest>
    <UnitTest name="Constructor_DontLikeChocolate_ShouldNotBeAbleToEatChocolate" storage="d:\koli\munka\bbte\tantargyak\verifikacio es validacio (mlm5014)\kodok\verval-mlm5014\szeminarium\elok\kedd16-ptln\verval\datesandstuff\test\datesandstuff.tests\bin\debug\net8.0\datesandstuff.tests.dll" id="844c97e4-80b6-ba08-3a40-2ada4e3a841d">
      <Execution id="8592c803-a706-422e-a982-f3bd025c1875" />
      <TestMethod codeBase="d:\Koli\Munka\BBTE\Tantargyak\Verifikacio es validacio (MLM5014)\Kodok\VerVal-MLM5014\Szeminarium\Elok\Kedd16-ptln\VerVal\DatesAndStuff\test\DatesAndStuff.Tests\bin\Debug\net8.0\DatesAndStuff.Tests.dll" adapterTypeName="executor://nunit3testexecutor/" className="DatesAndStuff.Tests.PersonTests" name="Constructor_DontLikeChocolate_ShouldNotBeAbleToEatChocolate" />
    </UnitTest>
    <UnitTest name="Constructor_DefaultParams_ShouldBeAbleToEatChocolate" storage="d:\koli\munka\bbte\tantargyak\verifikacio es validacio (mlm5014)\kodok\verval-mlm5014\szeminarium\elok\kedd16-ptln\verval\datesandstuff\test\datesandstuff.tests\bin\debug\net8.0\datesandstuff.tests.dll" id="5ccc3a09-b6a8-9c35-25e7-7108cc052514">
      <Execution id="e59c2e98-6edb-4dba-a750-6a7be3abd4da" />
      <TestMethod codeBase="d:\Koli\Munka\BBTE\Tantargyak\Verifikacio es validacio (MLM5014)\Kodok\VerVal-MLM5014\Szeminarium\Elok\Kedd16-ptln\VerVal\DatesAndStuff\test\DatesAndStuff.Tests\bin\Debug\net8.0\DatesAndStuff.Tests.dll" adapterTypeName="executor://nunit3testexecutor/" className="DatesAndStuff.Tests.PersonTests" name="Constructor_DefaultParams_ShouldBeAbleToEatChocolate" />
    </UnitTest>
    <UnitTest name="TestPaymentService_Mock" storage="d:\koli\munka\bbte\tantargyak\verifikacio es validacio (mlm5014)\kodok\verval-mlm5014\szeminarium\elok\kedd16-ptln\verval\datesandstuff\test\datesandstuff.tests\bin\debug\net8.0\datesandstuff.tests.dll" id="80f8e5b8-48c1-fa8a-a94e-bc8a0f21a428">
      <Execution id="c50c1ad3-6879-462e-b08a-2eb64fb0e4a3" />
      <TestMethod codeBase="d:\Koli\Munka\BBTE\Tantargyak\Verifikacio es validacio (MLM5014)\Kodok\VerVal-MLM5014\Szeminarium\Elok\Kedd16-ptln\VerVal\DatesAndStuff\test\DatesAndStuff.Tests\bin\Debug\net8.0\DatesAndStuff.Tests.dll" adapterTypeName="executor://nunit3testexecutor/" className="DatesAndStuff.Tests.PaymentServiceTest" name="TestPaymentService_Mock" />
    </UnitTest>
    <UnitTest name="SimulationTime_AddTimeSpan" storage="d:\koli\munka\bbte\tantargyak\verifikacio es validacio (mlm5014)\kodok\verval-mlm5014\szeminarium\elok\kedd16-ptln\verval\datesandstuff\test\datesandstuff.tests\bin\debug\net8.0\datesandstuff.tests.dll" id="837ea655-37b9-e847-fdf8-ef03442f6af8">
      <Execution id="d5eb08fc-c164-481b-a999-bc4c56d3d347" />
      <TestMethod codeBase="d:\Koli\Munka\BBTE\Tantargyak\Verifikacio es validacio (MLM5014)\Kodok\VerVal-MLM5014\Szeminarium\Elok\Kedd16-ptln\VerVal\DatesAndStuff\test\DatesAndStuff.Tests\bin\Debug\net8.0\DatesAndStuff.Tests.dll" adapterTypeName="executor://nunit3testexecutor/" className="DatesAndStuff.Tests.SimulationTimeTests" name="SimulationTime_AddTimeSpan" />
    </UnitTest>
    <UnitTest name="GotMerried_First_NameShouldChange" storage="d:\koli\munka\bbte\tantargyak\verifikacio es validacio (mlm5014)\kodok\verval-mlm5014\szeminarium\elok\kedd16-ptln\verval\datesandstuff\test\datesandstuff.tests\bin\debug\net8.0\datesandstuff.tests.dll" id="e5b6e534-9963-f007-bf97-d0614fddcc36">
      <Execution id="e50b9142-8f77-49ec-8050-f0d29295a67a" />
      <TestMethod codeBase="d:\Koli\Munka\BBTE\Tantargyak\Verifikacio es validacio (MLM5014)\Kodok\VerVal-MLM5014\Szeminarium\Elok\Kedd16-ptln\VerVal\DatesAndStuff\test\DatesAndStuff.Tests\bin\Debug\net8.0\DatesAndStuff.Tests.dll" adapterTypeName="executor://nunit3testexecutor/" className="DatesAndStuff.Tests.PersonTests" name="GotMerried_First_NameShouldChange" />
    </UnitTest>
    <UnitTest name="IncreaseSalary_SmallerThanMinusTenPerc_ShouldFail" storage="d:\koli\munka\bbte\tantargyak\verifikacio es validacio (mlm5014)\kodok\verval-mlm5014\szeminarium\elok\kedd16-ptln\verval\datesandstuff\test\datesandstuff.tests\bin\debug\net8.0\datesandstuff.tests.dll" id="df0c24cb-4475-c006-3b00-a56fd2785101">
      <Execution id="0649a88c-4073-449a-9758-b76f616a1c53" />
      <TestMethod codeBase="d:\Koli\Munka\BBTE\Tantargyak\Verifikacio es validacio (MLM5014)\Kodok\VerVal-MLM5014\Szeminarium\Elok\Kedd16-ptln\VerVal\DatesAndStuff\test\DatesAndStuff.Tests\bin\Debug\net8.0\DatesAndStuff.Tests.dll" adapterTypeName="executor://nunit3testexecutor/" className="DatesAndStuff.Tests.PersonTests" name="IncreaseSalary_SmallerThanMinusTenPerc_ShouldFail" />
    </UnitTest>
    <UnitTest name="IncreaseSalary_ZeroPercentIncrease_ShouldNotChange" storage="d:\koli\munka\bbte\tantargyak\verifikacio es validacio (mlm5014)\kodok\verval-mlm5014\szeminarium\elok\kedd16-ptln\verval\datesandstuff\test\datesandstuff.tests\bin\debug\net8.0\datesandstuff.tests.dll" id="e6ef7719-db0b-cd47-6e16-f8db2551cb29">
      <Execution id="4deeb0b6-9cca-4b32-80a2-c8ca96c07484" />
      <TestMethod codeBase="d:\Koli\Munka\BBTE\Tantargyak\Verifikacio es validacio (MLM5014)\Kodok\VerVal-MLM5014\Szeminarium\Elok\Kedd16-ptln\VerVal\DatesAndStuff\test\DatesAndStuff.Tests\bin\Debug\net8.0\DatesAndStuff.Tests.dll" adapterTypeName="executor://nunit3testexecutor/" className="DatesAndStuff.Tests.PersonTests" name="IncreaseSalary_ZeroPercentIncrease_ShouldNotChange" />
    </UnitTest>
    <UnitTest name="SimulationTime_NextMillisec" storage="d:\koli\munka\bbte\tantargyak\verifikacio es validacio (mlm5014)\kodok\verval-mlm5014\szeminarium\elok\kedd16-ptln\verval\datesandstuff\test\datesandstuff.tests\bin\debug\net8.0\datesandstuff.tests.dll" id="4ceddca9-582d-7e6c-fa47-83e712395dcd">
      <Execution id="08854635-02c1-438b-bbd7-c8881994f9bc" />
      <TestMethod codeBase="d:\Koli\Munka\BBTE\Tantargyak\Verifikacio es validacio (MLM5014)\Kodok\VerVal-MLM5014\Szeminarium\Elok\Kedd16-ptln\VerVal\DatesAndStuff\test\DatesAndStuff.Tests\bin\Debug\net8.0\DatesAndStuff.Tests.dll" adapterTypeName="executor://nunit3testexecutor/" className="DatesAndStuff.Tests.SimulationTimeTests" name="SimulationTime_NextMillisec" />
    </UnitTest>
    <UnitTest name="Addition_SimulationTimeIsShifted" storage="d:\koli\munka\bbte\tantargyak\verifikacio es validacio (mlm5014)\kodok\verval-mlm5014\szeminarium\elok\kedd16-ptln\verval\datesandstuff\test\datesandstuff.tests\bin\debug\net8.0\datesandstuff.tests.dll" id="0bf3aa2e-0f60-b6a8-8df9-c754812a5180">
      <Execution id="066a8f2d-934a-4dc0-85de-8891dc099f35" />
      <TestMethod codeBase="d:\Koli\Munka\BBTE\Tantargyak\Verifikacio es validacio (MLM5014)\Kodok\VerVal-MLM5014\Szeminarium\Elok\Kedd16-ptln\VerVal\DatesAndStuff\test\DatesAndStuff.Tests\bin\Debug\net8.0\DatesAndStuff.Tests.dll" adapterTypeName="executor://nunit3testexecutor/" className="DatesAndStuff.Tests.SimulationTimeTests+TimeSpanArithmeticTests" name="Addition_SimulationTimeIsShifted" />
    </UnitTest>
    <UnitTest name="IncreaseSalary_ReasonableValue_ShouldModifySalary(auto&lt;Person&gt;,auto&lt;Double&gt;)" storage="d:\koli\munka\bbte\tantargyak\verifikacio es validacio (mlm5014)\kodok\verval-mlm5014\szeminarium\elok\kedd16-ptln\verval\datesandstuff\test\datesandstuff.tests\bin\debug\net8.0\datesandstuff.tests.dll" id="86baf8d5-a461-5e0e-dc7e-908b463fa468">
      <Execution id="394225e2-f506-4a33-9033-869f7a081e49" />
      <TestMethod codeBase="d:\Koli\Munka\BBTE\Tantargyak\Verifikacio es validacio (MLM5014)\Kodok\VerVal-MLM5014\Szeminarium\Elok\Kedd16-ptln\VerVal\DatesAndStuff\test\DatesAndStuff.Tests\bin\Debug\net8.0\DatesAndStuff.Tests.dll" adapterTypeName="executor://nunit3testexecutor/" className="DatesAndStuff.Tests.PersonTests" name="IncreaseSalary_ReasonableValue_ShouldModifySalary(auto&lt;Person&gt;,auto&lt;Double&gt;)" />
    </UnitTest>
    <UnitTest name="TestPaymentService_ManualMock" storage="d:\koli\munka\bbte\tantargyak\verifikacio es validacio (mlm5014)\kodok\verval-mlm5014\szeminarium\elok\kedd16-ptln\verval\datesandstuff\test\datesandstuff.tests\bin\debug\net8.0\datesandstuff.tests.dll" id="2208ac16-deaf-cd1a-b130-390c4526b56f">
      <Execution id="7bf59590-45a3-4785-9453-e3abaf911ccc" />
      <TestMethod codeBase="d:\Koli\Munka\BBTE\Tantargyak\Verifikacio es validacio (MLM5014)\Kodok\VerVal-MLM5014\Szeminarium\Elok\Kedd16-ptln\VerVal\DatesAndStuff\test\DatesAndStuff.Tests\bin\Debug\net8.0\DatesAndStuff.Tests.dll" adapterTypeName="executor://nunit3testexecutor/" className="DatesAndStuff.Tests.PaymentServiceTest" name="TestPaymentService_ManualMock" />
    </UnitTest>
    <UnitTest name="TestPaymentService_MockWithAutodata(auto&lt;Person&gt;,auto&lt;Mock`1&gt;)" storage="d:\koli\munka\bbte\tantargyak\verifikacio es validacio (mlm5014)\kodok\verval-mlm5014\szeminarium\elok\kedd16-ptln\verval\datesandstuff\test\datesandstuff.tests\bin\debug\net8.0\datesandstuff.tests.dll" id="91de77ef-01bb-7833-9ab9-d5f7dd51b4b4">
      <Execution id="25659f6c-5b5f-4767-90ad-4749fb169a06" />
      <TestMethod codeBase="d:\Koli\Munka\BBTE\Tantargyak\Verifikacio es validacio (MLM5014)\Kodok\VerVal-MLM5014\Szeminarium\Elok\Kedd16-ptln\VerVal\DatesAndStuff\test\DatesAndStuff.Tests\bin\Debug\net8.0\DatesAndStuff.Tests.dll" adapterTypeName="executor://nunit3testexecutor/" className="DatesAndStuff.Tests.PaymentServiceTest" name="TestPaymentService_MockWithAutodata(auto&lt;Person&gt;,auto&lt;Mock`1&gt;)" />
    </UnitTest>
    <UnitTest name="SimulationTime_SubtractSimulationTime" storage="d:\koli\munka\bbte\tantargyak\verifikacio es validacio (mlm5014)\kodok\verval-mlm5014\szeminarium\elok\kedd16-ptln\verval\datesandstuff\test\datesandstuff.tests\bin\debug\net8.0\datesandstuff.tests.dll" id="13fc3ab4-0c5a-724e-96c0-0941e1a6cb5c">
      <Execution id="10b99434-c7d8-4011-9739-d2320bccd4a8" />
      <TestMethod codeBase="d:\Koli\Munka\BBTE\Tantargyak\Verifikacio es validacio (MLM5014)\Kodok\VerVal-MLM5014\Szeminarium\Elok\Kedd16-ptln\VerVal\DatesAndStuff\test\DatesAndStuff.Tests\bin\Debug\net8.0\DatesAndStuff.Tests.dll" adapterTypeName="executor://nunit3testexecutor/" className="DatesAndStuff.Tests.SimulationTimeTests" name="SimulationTime_SubtractSimulationTime" />
    </UnitTest>
    <UnitTest name="SimulationTime_AddSeconds" storage="d:\koli\munka\bbte\tantargyak\verifikacio es validacio (mlm5014)\kodok\verval-mlm5014\szeminarium\elok\kedd16-ptln\verval\datesandstuff\test\datesandstuff.tests\bin\debug\net8.0\datesandstuff.tests.dll" id="713044fe-dc72-86ef-17b2-d4308b88a706">
      <Execution id="70140f9c-4b28-4506-b6cc-081fe790d2ff" />
      <TestMethod codeBase="d:\Koli\Munka\BBTE\Tantargyak\Verifikacio es validacio (MLM5014)\Kodok\VerVal-MLM5014\Szeminarium\Elok\Kedd16-ptln\VerVal\DatesAndStuff\test\DatesAndStuff.Tests\bin\Debug\net8.0\DatesAndStuff.Tests.dll" adapterTypeName="executor://nunit3testexecutor/" className="DatesAndStuff.Tests.SimulationTimeTests" name="SimulationTime_AddSeconds" />
    </UnitTest>
    <UnitTest name="SimulationTime_Construction" storage="d:\koli\munka\bbte\tantargyak\verifikacio es validacio (mlm5014)\kodok\verval-mlm5014\szeminarium\elok\kedd16-ptln\verval\datesandstuff\test\datesandstuff.tests\bin\debug\net8.0\datesandstuff.tests.dll" id="3563b3b2-ff88-98aa-3d66-d5fbb5c564b7">
      <Execution id="1d737a2f-6f9f-4c22-be12-4aeedb2ec5ba" />
      <TestMethod codeBase="d:\Koli\Munka\BBTE\Tantargyak\Verifikacio es validacio (MLM5014)\Kodok\VerVal-MLM5014\Szeminarium\Elok\Kedd16-ptln\VerVal\DatesAndStuff\test\DatesAndStuff.Tests\bin\Debug\net8.0\DatesAndStuff.Tests.dll" adapterTypeName="executor://nunit3testexecutor/" className="DatesAndStuff.Tests.SimulationTimeTests" name="SimulationTime_Construction" />
    </UnitTest>
    <UnitTest name="SimulationTime_Op" storage="d:\koli\munka\bbte\tantargyak\verifikacio es validacio (mlm5014)\kodok\verval-mlm5014\szeminarium\elok\kedd16-ptln\verval\datesandstuff\test\datesandstuff.tests\bin\debug\net8.0\datesandstuff.tests.dll" id="f3d7b017-99ad-1c23-cf3e-36eb02f0507e">
      <Execution id="95a3ec08-d67c-48ce-b5c5-9e80c5219b3a" />
      <TestMethod codeBase="d:\Koli\Munka\BBTE\Tantargyak\Verifikacio es validacio (MLM5014)\Kodok\VerVal-MLM5014\Szeminarium\Elok\Kedd16-ptln\VerVal\DatesAndStuff\test\DatesAndStuff.Tests\bin\Debug\net8.0\DatesAndStuff.Tests.dll" adapterTypeName="executor://nunit3testexecutor/" className="DatesAndStuff.Tests.SimulationTimeTests" name="SimulationTime_Op" />
    </UnitTest>
    <UnitTest name="SimulationTime_AddMilliSeconds" storage="d:\koli\munka\bbte\tantargyak\verifikacio es validacio (mlm5014)\kodok\verval-mlm5014\szeminarium\elok\kedd16-ptln\verval\datesandstuff\test\datesandstuff.tests\bin\debug\net8.0\datesandstuff.tests.dll" id="3fa46da8-f9ac-7f1a-a051-dca322934da6">
      <Execution id="d18e3d89-bbaa-4b78-9a3f-3eca2915c417" />
      <TestMethod codeBase="d:\Koli\Munka\BBTE\Tantargyak\Verifikacio es validacio (MLM5014)\Kodok\VerVal-MLM5014\Szeminarium\Elok\Kedd16-ptln\VerVal\DatesAndStuff\test\DatesAndStuff.Tests\bin\Debug\net8.0\DatesAndStuff.Tests.dll" adapterTypeName="executor://nunit3testexecutor/" className="DatesAndStuff.Tests.SimulationTimeTests" name="SimulationTime_AddMilliSeconds" />
    </UnitTest>
    <UnitTest name="IncreaseSalary_NegativeIncrease_ShouldDecrease" storage="d:\koli\munka\bbte\tantargyak\verifikacio es validacio (mlm5014)\kodok\verval-mlm5014\szeminarium\elok\kedd16-ptln\verval\datesandstuff\test\datesandstuff.tests\bin\debug\net8.0\datesandstuff.tests.dll" id="cb1ebcc9-7801-f5fc-6b11-38182364213c">
      <Execution id="0ac23b56-6310-4693-8971-ee3f1dbcafaa" />
      <TestMethod codeBase="d:\Koli\Munka\BBTE\Tantargyak\Verifikacio es validacio (MLM5014)\Kodok\VerVal-MLM5014\Szeminarium\Elok\Kedd16-ptln\VerVal\DatesAndStuff\test\DatesAndStuff.Tests\bin\Debug\net8.0\DatesAndStuff.Tests.dll" adapterTypeName="executor://nunit3testexecutor/" className="DatesAndStuff.Tests.PersonTests" name="IncreaseSalary_NegativeIncrease_ShouldDecrease" />
    </UnitTest>
  </TestDefinitions>
  <TestEntries>
    <TestEntry testId="5ccc3a09-b6a8-9c35-25e7-7108cc052514" executionId="e59c2e98-6edb-4dba-a750-6a7be3abd4da" testListId="8c84fa94-04c1-424b-9868-57a2d4851a1d" />
    <TestEntry testId="844c97e4-80b6-ba08-3a40-2ada4e3a841d" executionId="8592c803-a706-422e-a982-f3bd025c1875" testListId="8c84fa94-04c1-424b-9868-57a2d4851a1d" />
    <TestEntry testId="713044fe-dc72-86ef-17b2-d4308b88a706" executionId="70140f9c-4b28-4506-b6cc-081fe790d2ff" testListId="8c84fa94-04c1-424b-9868-57a2d4851a1d" />
    <TestEntry testId="e5b6e534-9963-f007-bf97-d0614fddcc36" executionId="e50b9142-8f77-49ec-8050-f0d29295a67a" testListId="8c84fa94-04c1-424b-9868-57a2d4851a1d" />
    <TestEntry testId="80f8e5b8-48c1-fa8a-a94e-bc8a0f21a428" executionId="c50c1ad3-6879-462e-b08a-2eb64fb0e4a3" testListId="8c84fa94-04c1-424b-9868-57a2d4851a1d" />
    <TestEntry testId="0bf3aa2e-0f60-b6a8-8df9-c754812a5180" executionId="066a8f2d-934a-4dc0-85de-8891dc099f35" testListId="8c84fa94-04c1-424b-9868-57a2d4851a1d" />
    <TestEntry testId="86baf8d5-a461-5e0e-dc7e-908b463fa468" executionId="394225e2-f506-4a33-9033-869f7a081e49" testListId="8c84fa94-04c1-424b-9868-57a2d4851a1d" />
    <TestEntry testId="e6ef7719-db0b-cd47-6e16-f8db2551cb29" executionId="4deeb0b6-9cca-4b32-80a2-c8ca96c07484" testListId="8c84fa94-04c1-424b-9868-57a2d4851a1d" />
    <TestEntry testId="02c30645-4a7b-a918-d916-5cf420872e7e" executionId="8ec73a55-5588-4f11-86c0-c3aa20293532" testListId="8c84fa94-04c1-424b-9868-57a2d4851a1d" />
    <TestEntry testId="d8057139-d72a-4c7e-3f14-b2bd59aee662" executionId="04834d22-9913-4d08-9346-b344a878772a" testListId="8c84fa94-04c1-424b-9868-57a2d4851a1d" />
    <TestEntry testId="3563b3b2-ff88-98aa-3d66-d5fbb5c564b7" executionId="1d737a2f-6f9f-4c22-be12-4aeedb2ec5ba" testListId="8c84fa94-04c1-424b-9868-57a2d4851a1d" />
    <TestEntry testId="2208ac16-deaf-cd1a-b130-390c4526b56f" executionId="7bf59590-45a3-4785-9453-e3abaf911ccc" testListId="8c84fa94-04c1-424b-9868-57a2d4851a1d" />
    <TestEntry testId="13fc3ab4-0c5a-724e-96c0-0941e1a6cb5c" executionId="10b99434-c7d8-4011-9739-d2320bccd4a8" testListId="8c84fa94-04c1-424b-9868-57a2d4851a1d" />
    <TestEntry testId="cb1ebcc9-7801-f5fc-6b11-38182364213c" executionId="0ac23b56-6310-4693-8971-ee3f1dbcafaa" testListId="8c84fa94-04c1-424b-9868-57a2d4851a1d" />
    <TestEntry testId="4ceddca9-582d-7e6c-fa47-83e712395dcd" executionId="08854635-02c1-438b-bbd7-c8881994f9bc" testListId="8c84fa94-04c1-424b-9868-57a2d4851a1d" />
    <TestEntry testId="91de77ef-01bb-7833-9ab9-d5f7dd51b4b4" executionId="25659f6c-5b5f-4767-90ad-4749fb169a06" testListId="8c84fa94-04c1-424b-9868-57a2d4851a1d" />
    <TestEntry testId="f3d7b017-99ad-1c23-cf3e-36eb02f0507e" executionId="95a3ec08-d67c-48ce-b5c5-9e80c5219b3a" testListId="8c84fa94-04c1-424b-9868-57a2d4851a1d" />
    <TestEntry testId="02dfe9d0-7d24-c065-1bb8-af17ccefff54" executionId="28456db2-4fa1-49d3-8d06-0943f41a1259" testListId="8c84fa94-04c1-424b-9868-57a2d4851a1d" />
    <TestEntry testId="203f3750-f41f-df6f-16b6-8dd337d0ce15" executionId="ca9ee0f6-4b47-4252-a527-920d64b31c45" testListId="8c84fa94-04c1-424b-9868-57a2d4851a1d" />
    <TestEntry testId="3fa46da8-f9ac-7f1a-a051-dca322934da6" executionId="d18e3d89-bbaa-4b78-9a3f-3eca2915c417" testListId="8c84fa94-04c1-424b-9868-57a2d4851a1d" />
    <TestEntry testId="837ea655-37b9-e847-fdf8-ef03442f6af8" executionId="d5eb08fc-c164-481b-a999-bc4c56d3d347" testListId="8c84fa94-04c1-424b-9868-57a2d4851a1d" />
    <TestEntry testId="df0c24cb-4475-c006-3b00-a56fd2785101" executionId="0649a88c-4073-449a-9758-b76f616a1c53" testListId="8c84fa94-04c1-424b-9868-57a2d4851a1d" />
  </TestEntries>
  <TestLists>
    <TestList name="Results Not in a List" id="8c84fa94-04c1-424b-9868-57a2d4851a1d" />
    <TestList name="All Loaded Results" id="19431567-8539-422a-85d7-44ee4e166bda" />
  </TestLists>
  <ResultSummary outcome="Completed">
    <Counters total="22" executed="22" passed="22" failed="0" error="0" timeout="0" aborted="0" inconclusive="0" passedButRunAborted="0" notRunnable="0" notExecuted="0" disconnected="0" warning="0" completed="0" inProgress="0" pending="0" />
    <Output>
      <StdOut>NUnit Adapter 4.5.0.0: Test execution started&#xD;
Running all tests in d:\Koli\Munka\BBTE\Tantargyak\Verifikacio es validacio (MLM5014)\Kodok\VerVal-MLM5014\Szeminarium\Elok\Kedd16-ptln\VerVal\DatesAndStuff\test\DatesAndStuff.Tests\bin\Debug\net8.0\DatesAndStuff.Tests.dll&#xD;
   NUnit3TestExecutor discovered 22 of 22 NUnit test cases using Current Discovery mode, Non-Explicit run&#xD;
NUnit Adapter 4.5.0.0: Test execution complete&#xD;
</StdOut>
    </Output>
    <RunInfos>
      <RunInfo computerName="LAPTOP-A0V6VV9E" outcome="Warning" timestamp="2025-03-25T16:36:47.3907219+02:00">
        <Text>     Warning:&#xD;
     The component "Fluent Assertions" is governed by the rules defined in the Xceed License Agreement and&#xD;
     the Xceed Fluent Assertions Community License. You may use Fluent Assertions free of charge for&#xD;
     non-commercial use only. An active subscription is required to use Fluent Assertions for commercial use.&#xD;
&#xD;
     Please contact Xceed Sales mailto:sales@xceed.com to acquire a subscription at a very low cost.&#xD;
&#xD;
     A paid commercial license supports the development and continued increasing support of&#xD;
     Fluent Assertions users under both commercial and community licenses. Help us&#xD;
     keep Fluent Assertions at the forefront of unit testing.&#xD;
&#xD;
     For more information, visit https://xceed.com/products/unit-testing/fluent-assertions/&#xD;
</Text>
      </RunInfo>
    </RunInfos>
    <CollectorDataEntries>
      <Collector agentName="LAPTOP-A0V6VV9E" uri="datacollector://microsoft/CoverletCodeCoverage/1.0" collectorDisplayName="XPlat code coverage">
        <UriAttachments>
          <UriAttachment>
            <A href="LAPTOP-A0V6VV9E\coverage.opencover.xml"></A>
          </UriAttachment>
        </UriAttachments>
      </Collector>
    </CollectorDataEntries>
  </ResultSummary>
</TestRun>